<?xml version="1.0" encoding="UTF-8"?>
<testng-results skipped="0" failed="0" ignored="0" total="2" passed="2">
  <reporter-output>
  </reporter-output>
  <suite name="Regression Test suite" duration-ms="47426" started-at="2019-12-05T15:07:27Z" finished-at="2019-12-05T15:08:14Z">
    <groups>
    </groups>
    <test name="Crm account test" duration-ms="47426" started-at="2019-12-05T15:07:27Z" finished-at="2019-12-05T15:08:14Z">
      <class name="com.crm.tests.AdminTest">
        <test-method status="PASS" signature="init()[pri:0, instance:com.crm.tests.AdminTest@1143ee9]" name="init" is-config="true" duration-ms="132" started-at="2019-12-05T15:07:27Z" finished-at="2019-12-05T15:07:27Z">
          <reporter-output>
          </reporter-output>
        </test-method> <!-- init -->
        <test-method status="PASS" signature="createAccount()[pri:0, instance:com.crm.tests.AdminTest@1143ee9]" name="createAccount" duration-ms="47169" started-at="2019-12-05T15:07:27Z" finished-at="2019-12-05T15:08:14Z">
          <reporter-output>
          </reporter-output>
        </test-method> <!-- createAccount -->
        <test-method status="PASS" signature="createContact()[pri:0, instance:com.crm.tests.AdminTest@1143ee9]" name="createContact" duration-ms="86" started-at="2019-12-05T15:08:14Z" finished-at="2019-12-05T15:08:14Z">
          <reporter-output>
          </reporter-output>
        </test-method> <!-- createContact -->
      </class> <!-- com.crm.tests.AdminTest -->
    </test> <!-- Crm account test -->
  </suite> <!-- Regression Test suite -->
</testng-results>
